Performing C SOURCE FILE Test HAVE___DECLSPEC_DLLEXPORT_ failed with the following output:
Change Dir: /home/maxio96/Scrivania/lzrr/lzrr_impl/build/CMakeFiles/CMakeTmp

Run Build Command(s):/usr/bin/gmake cmTC_68719/fast && /usr/bin/gmake -f CMakeFiles/cmTC_68719.dir/build.make CMakeFiles/cmTC_68719.dir/build
gmake[1]: ingresso nella directory «/home/maxio96/Scrivania/lzrr/lzrr_impl/build/CMakeFiles/CMakeTmp»
Building C object CMakeFiles/cmTC_68719.dir/src.c.o
/usr/bin/cc   -Wall -DHAVE___DECLSPEC_DLLEXPORT_   -o CMakeFiles/cmTC_68719.dir/src.c.o   -c /home/maxio96/Scrivania/lzrr/lzrr_impl/build/CMakeFiles/CMakeTmp/src.c
/home/maxio96/Scrivania/lzrr/lzrr_impl/build/CMakeFiles/CMakeTmp/src.c:1:1: warning: return type defaults to ‘int’ [-Wimplicit-int]
    1 | __declspec(dllexport) void func(); void func() { } int main() { func(); return 0; }
      | ^~~~~~~~~~
/home/maxio96/Scrivania/lzrr/lzrr_impl/build/CMakeFiles/CMakeTmp/src.c: In function ‘__declspec’:
/home/maxio96/Scrivania/lzrr/lzrr_impl/build/CMakeFiles/CMakeTmp/src.c:1:48: error: expected ‘=’, ‘,’, ‘;’, ‘asm’ or ‘__attribute__’ before ‘{’ token
    1 | __declspec(dllexport) void func(); void func() { } int main() { func(); return 0; }
      |                                                ^
/home/maxio96/Scrivania/lzrr/lzrr_impl/build/CMakeFiles/CMakeTmp/src.c:1:63: error: expected ‘=’, ‘,’, ‘;’, ‘asm’ or ‘__attribute__’ before ‘{’ token
    1 | __declspec(dllexport) void func(); void func() { } int main() { func(); return 0; }
      |                                                               ^
/home/maxio96/Scrivania/lzrr/lzrr_impl/build/CMakeFiles/CMakeTmp/src.c:1:1: warning: type of ‘dllexport’ defaults to ‘int’ [-Wimplicit-int]
    1 | __declspec(dllexport) void func(); void func() { } int main() { func(); return 0; }
      | ^~~~~~~~~~
/home/maxio96/Scrivania/lzrr/lzrr_impl/build/CMakeFiles/CMakeTmp/src.c:1:28: error: declaration for parameter ‘func’ but no such parameter
    1 | __declspec(dllexport) void func(); void func() { } int main() { func(); return 0; }
      |                            ^~~~
/home/maxio96/Scrivania/lzrr/lzrr_impl/build/CMakeFiles/CMakeTmp/src.c:1: error: expected ‘{’ at end of input
    1 | __declspec(dllexport) void func(); void func() { } int main() { func(); return 0; }
      | 
/home/maxio96/Scrivania/lzrr/lzrr_impl/build/CMakeFiles/CMakeTmp/src.c:1: warning: control reaches end of non-void function [-Wreturn-type]
    1 | __declspec(dllexport) void func(); void func() { } int main() { func(); return 0; }
      | 
gmake[1]: *** [CMakeFiles/cmTC_68719.dir/build.make:66: CMakeFiles/cmTC_68719.dir/src.c.o] Errore 1
gmake[1]: uscita dalla directory «/home/maxio96/Scrivania/lzrr/lzrr_impl/build/CMakeFiles/CMakeTmp»
gmake: *** [Makefile:121: cmTC_68719/fast] Errore 2


Source file was:
__declspec(dllexport) void func(); void func() { } int main() { func(); return 0; }
Performing C SOURCE FILE Test HAVE___DECLSPEC_DLLIMPORT_ failed with the following output:
Change Dir: /home/maxio96/Scrivania/lzrr/lzrr_impl/build/CMakeFiles/CMakeTmp

Run Build Command(s):/usr/bin/gmake cmTC_2755d/fast && /usr/bin/gmake -f CMakeFiles/cmTC_2755d.dir/build.make CMakeFiles/cmTC_2755d.dir/build
gmake[1]: ingresso nella directory «/home/maxio96/Scrivania/lzrr/lzrr_impl/build/CMakeFiles/CMakeTmp»
Building C object CMakeFiles/cmTC_2755d.dir/src.c.o
/usr/bin/cc   -Wall -DHAVE___DECLSPEC_DLLIMPORT_   -o CMakeFiles/cmTC_2755d.dir/src.c.o   -c /home/maxio96/Scrivania/lzrr/lzrr_impl/build/CMakeFiles/CMakeTmp/src.c
/home/maxio96/Scrivania/lzrr/lzrr_impl/build/CMakeFiles/CMakeTmp/src.c:1:1: warning: return type defaults to ‘int’ [-Wimplicit-int]
    1 | __declspec(dllimport) void func(); void func() { } int main() { func(); return 0; }
      | ^~~~~~~~~~
/home/maxio96/Scrivania/lzrr/lzrr_impl/build/CMakeFiles/CMakeTmp/src.c: In function ‘__declspec’:
/home/maxio96/Scrivania/lzrr/lzrr_impl/build/CMakeFiles/CMakeTmp/src.c:1:48: error: expected ‘=’, ‘,’, ‘;’, ‘asm’ or ‘__attribute__’ before ‘{’ token
    1 | __declspec(dllimport) void func(); void func() { } int main() { func(); return 0; }
      |                                                ^
/home/maxio96/Scrivania/lzrr/lzrr_impl/build/CMakeFiles/CMakeTmp/src.c:1:63: error: expected ‘=’, ‘,’, ‘;’, ‘asm’ or ‘__attribute__’ before ‘{’ token
    1 | __declspec(dllimport) void func(); void func() { } int main() { func(); return 0; }
      |                                                               ^
/home/maxio96/Scrivania/lzrr/lzrr_impl/build/CMakeFiles/CMakeTmp/src.c:1:1: warning: type of ‘dllimport’ defaults to ‘int’ [-Wimplicit-int]
    1 | __declspec(dllimport) void func(); void func() { } int main() { func(); return 0; }
      | ^~~~~~~~~~
/home/maxio96/Scrivania/lzrr/lzrr_impl/build/CMakeFiles/CMakeTmp/src.c:1:28: error: declaration for parameter ‘func’ but no such parameter
    1 | __declspec(dllimport) void func(); void func() { } int main() { func(); return 0; }
      |                            ^~~~
/home/maxio96/Scrivania/lzrr/lzrr_impl/build/CMakeFiles/CMakeTmp/src.c:1: error: expected ‘{’ at end of input
    1 | __declspec(dllimport) void func(); void func() { } int main() { func(); return 0; }
      | 
/home/maxio96/Scrivania/lzrr/lzrr_impl/build/CMakeFiles/CMakeTmp/src.c:1: warning: control reaches end of non-void function [-Wreturn-type]
    1 | __declspec(dllimport) void func(); void func() { } int main() { func(); return 0; }
      | 
gmake[1]: *** [CMakeFiles/cmTC_2755d.dir/build.make:66: CMakeFiles/cmTC_2755d.dir/src.c.o] Errore 1
gmake[1]: uscita dalla directory «/home/maxio96/Scrivania/lzrr/lzrr_impl/build/CMakeFiles/CMakeTmp»
gmake: *** [Makefile:121: cmTC_2755d/fast] Errore 2


Source file was:
__declspec(dllimport) void func(); void func() { } int main() { func(); return 0; }
